0 info it worked if it ends with ok
1 verbose cli [ 'node', '/usr/local/bin/npm', 'update', '-g' ]
2 info using npm@1.1.65
3 info using node@v0.8.14
4 verbose read json /usr/local/lib/package.json
5 verbose read json /usr/local/lib/node_modules/bower/package.json
6 verbose read json /usr/local/lib/node_modules/npm/package.json
7 verbose cache add [ 'bower', '*' ]
8 silly cache add name="bower" spec="*" args=["bower","*"]
9 verbose parsed url { pathname: '*', path: '*', href: '*' }
10 verbose addNamed [ 'bower', '*' ]
11 verbose addNamed [ null, '' ]
12 verbose cache add [ 'npm', '*' ]
13 silly cache add name="npm" spec="*" args=["npm","*"]
14 verbose parsed url { pathname: '*', path: '*', href: '*' }
15 verbose addNamed [ 'npm', '*' ]
16 verbose addNamed [ null, '' ]
17 silly lockFile b788227f-bower bower@*
18 verbose lock bower@* /Users/***REMOVED***/.npm/b788227f-bower.lock
19 silly lockFile 1bad3a65-npm npm@*
20 verbose lock npm@* /Users/***REMOVED***/.npm/1bad3a65-npm.lock
21 silly addNameRange { name: 'bower', range: '', hasData: false }
22 silly addNameRange { name: 'npm', range: '', hasData: false }
23 verbose url raw npm
24 verbose url resolving [ 'https://registry.npmjs.org/', './npm' ]
25 verbose url resolved https://registry.npmjs.org/npm
26 info trying registry request attempt 1 at 21:20:09
27 verbose etag "CW99PBRZAWE9NQS12MD66VPHR"
28 http GET https://registry.npmjs.org/npm
29 verbose url raw bower
30 verbose url resolving [ 'https://registry.npmjs.org/', './bower' ]
31 verbose url resolved https://registry.npmjs.org/bower
32 info trying registry request attempt 1 at 21:20:09
33 verbose etag "B61AVZR4QY3LUJVLETZJPTFQI"
34 http GET https://registry.npmjs.org/bower
35 http 304 https://registry.npmjs.org/npm
36 silly registry.get cb [ 304,
36 silly registry.get   { server: 'CouchDB/1.2.1 (Erlang OTP/R15B)',
36 silly registry.get     etag: '"CW99PBRZAWE9NQS12MD66VPHR"',
36 silly registry.get     date: 'Mon, 04 Feb 2013 02:18:23 GMT',
36 silly registry.get     'content-length': '0' } ]
37 verbose etag npm from cache
38 silly addNameRange number 2 { name: 'npm', range: '', hasData: true }
39 silly addNameRange versions [ 'npm',
39 silly addNameRange   [ '1.0.30',
39 silly addNameRange     '1.0.106',
39 silly addNameRange     '0.2.19',
39 silly addNameRange     '0.3.18',
39 silly addNameRange     '1.1.0',
39 silly addNameRange     '1.1.0-1',
39 silly addNameRange     '1.1.0-2',
39 silly addNameRange     '1.1.0-3',
39 silly addNameRange     '1.1.1',
39 silly addNameRange     '1.1.2',
39 silly addNameRange     '1.1.3',
39 silly addNameRange     '1.1.4',
39 silly addNameRange     '1.1.5',
39 silly addNameRange     '1.1.6',
39 silly addNameRange     '1.1.7',
39 silly addNameRange     '1.1.8',
39 silly addNameRange     '1.1.9',
39 silly addNameRange     '1.1.10',
39 silly addNameRange     '1.1.11',
39 silly addNameRange     '1.1.12',
39 silly addNameRange     '1.1.13',
39 silly addNameRange     '1.1.14',
39 silly addNameRange     '1.1.15',
39 silly addNameRange     '1.1.16',
39 silly addNameRange     '1.1.17',
39 silly addNameRange     '1.1.18',
39 silly addNameRange     '1.1.19',
39 silly addNameRange     '1.1.20',
39 silly addNameRange     '1.1.21',
39 silly addNameRange     '1.1.22',
39 silly addNameRange     '1.1.23',
39 silly addNameRange     '1.1.24',
39 silly addNameRange     '1.1.25',
39 silly addNameRange     '1.1.26',
39 silly addNameRange     '1.1.27',
39 silly addNameRange     '1.1.28',
39 silly addNameRange     '1.1.29',
39 silly addNameRange     '1.1.30',
39 silly addNameRange     '1.1.31',
39 silly addNameRange     '1.1.32',
39 silly addNameRange     '1.1.33',
39 silly addNameRange     '1.1.34',
39 silly addNameRange     '1.1.35',
39 silly addNameRange     '1.1.36',
39 silly addNameRange     '1.1.37',
39 silly addNameRange     '1.1.38',
39 silly addNameRange     '1.1.39',
39 silly addNameRange     '1.1.40',
39 silly addNameRange     '1.1.41',
39 silly addNameRange     '1.1.42',
39 silly addNameRange     '1.1.43',
39 silly addNameRange     '1.1.44',
39 silly addNameRange     '1.1.45',
39 silly addNameRange     '1.1.46',
39 silly addNameRange     '1.1.47',
39 silly addNameRange     '1.1.48',
39 silly addNameRange     '1.1.49',
39 silly addNameRange     '1.1.50',
39 silly addNameRange     '1.1.51',
39 silly addNameRange     '1.1.52',
39 silly addNameRange     '1.1.53',
39 silly addNameRange     '1.1.54',
39 silly addNameRange     '1.1.55',
39 silly addNameRange     '1.1.56',
39 silly addNameRange     '1.1.57',
39 silly addNameRange     '1.1.58',
39 silly addNameRange     '1.1.59',
39 silly addNameRange     '1.1.60',
39 silly addNameRange     '1.1.61',
39 silly addNameRange     '1.1.62',
39 silly addNameRange     '1.1.63',
39 silly addNameRange     '1.1.64',
39 silly addNameRange     '1.1.65',
39 silly addNameRange     '1.1.66',
39 silly addNameRange     '1.1.67',
39 silly addNameRange     '1.1.68',
39 silly addNameRange     '1.1.69',
39 silly addNameRange     '1.1.70',
39 silly addNameRange     '1.1.71',
39 silly addNameRange     '1.2.0',
39 silly addNameRange     '1.2.1',
39 silly addNameRange     '1.2.2',
39 silly addNameRange     '1.2.3',
39 silly addNameRange     '1.2.4' ] ]
40 verbose addNamed [ 'npm', '1.2.4' ]
41 verbose addNamed [ '1.2.4', '1.2.4' ]
42 silly lockFile 2dae1650-npm-1-2-4 npm@1.2.4
43 verbose lock npm@1.2.4 /Users/***REMOVED***/.npm/2dae1650-npm-1-2-4.lock
44 verbose read json /Users/***REMOVED***/.npm/npm/1.2.4/package/package.json
45 silly lockFile 2dae1650-npm-1-2-4 npm@1.2.4
46 silly lockFile 1bad3a65-npm npm@*
47 http 200 https://registry.npmjs.org/bower
48 silly registry.get cb [ 200,
48 silly registry.get   { vary: 'Accept',
48 silly registry.get     server: 'CouchDB/1.2.1 (Erlang OTP/R15B)',
48 silly registry.get     etag: '"4ZU4J3HDEXUZRY8XT6M158T1B"',
48 silly registry.get     date: 'Mon, 04 Feb 2013 02:18:23 GMT',
48 silly registry.get     'content-type': 'application/json',
48 silly registry.get     'content-length': '248713' } ]
49 silly addNameRange number 2 { name: 'bower', range: '', hasData: true }
50 silly addNameRange versions [ 'bower',
50 silly addNameRange   [ '0.1.0',
50 silly addNameRange     '0.1.2',
50 silly addNameRange     '0.1.3',
50 silly addNameRange     '0.2.0',
50 silly addNameRange     '0.3.0',
50 silly addNameRange     '0.3.1',
50 silly addNameRange     '0.3.2',
50 silly addNameRange     '0.4.0',
50 silly addNameRange     '0.5.0',
50 silly addNameRange     '0.5.1',
50 silly addNameRange     '0.6.0',
50 silly addNameRange     '0.6.1',
50 silly addNameRange     '0.6.2',
50 silly addNameRange     '0.6.3',
50 silly addNameRange     '0.6.4',
50 silly addNameRange     '0.6.5',
50 silly addNameRange     '0.6.6',
50 silly addNameRange     '0.6.7',
50 silly addNameRange     '0.6.8',
50 silly addNameRange     '0.7.0' ] ]
51 verbose addNamed [ 'bower', '0.7.0' ]
52 verbose addNamed [ '0.7.0', '0.7.0' ]
53 silly lockFile ddfc0439-bower-0-7-0 bower@0.7.0
54 verbose lock bower@0.7.0 /Users/***REMOVED***/.npm/ddfc0439-bower-0-7-0.lock
55 silly lockFile daee6e10--npmjs-org-bower-bower-0-7-0-tgz https://registry.npmjs.org/bower/-/bower-0.7.0.tgz
56 verbose lock https://registry.npmjs.org/bower/-/bower-0.7.0.tgz /Users/***REMOVED***/.npm/daee6e10--npmjs-org-bower-bower-0-7-0-tgz.lock
57 verbose addRemoteTarball [ 'https://registry.npmjs.org/bower/-/bower-0.7.0.tgz',
57 verbose addRemoteTarball   '9acd8601a414c681248cb0a8a233276d9e8bb20a' ]
58 info retry fetch attempt 1 at 21:20:10
59 verbose fetch to= /var/folders/8g/95xqshv50vq0jlcm6tdb0mp40000gn/T/npm-80177/1359944410414-0.6543351428117603/tmp.tgz
60 http GET https://registry.npmjs.org/bower/-/bower-0.7.0.tgz
61 http 200 https://registry.npmjs.org/bower/-/bower-0.7.0.tgz
62 silly shasum updated bytes 40960
63 silly shasum updated bytes 40960
64 silly shasum updated bytes 40960
65 silly shasum updated bytes 40960
66 silly shasum updated bytes 235
67 info shasum 9acd8601a414c681248cb0a8a233276d9e8bb20a
67 info shasum /var/folders/8g/95xqshv50vq0jlcm6tdb0mp40000gn/T/npm-80177/1359944410414-0.6543351428117603/tmp.tgz
68 verbose tar unpack /var/folders/8g/95xqshv50vq0jlcm6tdb0mp40000gn/T/npm-80177/1359944410414-0.6543351428117603/tmp.tgz
69 silly lockFile b6fbfe87-10414-0-6543351428117603-package /var/folders/8g/95xqshv50vq0jlcm6tdb0mp40000gn/T/npm-80177/1359944410414-0.6543351428117603/package
70 verbose lock /var/folders/8g/95xqshv50vq0jlcm6tdb0mp40000gn/T/npm-80177/1359944410414-0.6543351428117603/package /Users/***REMOVED***/.npm/b6fbfe87-10414-0-6543351428117603-package.lock
71 silly gunzTarPerm modes [ '755', '644' ]
72 silly gunzTarPerm extractEntry package.json
73 silly gunzTarPerm extractEntry .npmignore
74 silly gunzTarPerm extractEntry README.md
75 silly gunzTarPerm extractEntry LICENSE
76 silly gunzTarPerm extractEntry cleanup.js
77 silly gunzTarPerm extractEntry lib/index.js
78 silly gunzTarPerm extractEntry lib/commands/cache-clean.js
79 silly gunzTarPerm extractEntry lib/commands/index.js
80 silly gunzTarPerm extractEntry lib/commands/info.js
81 silly gunzTarPerm extractEntry lib/commands/install.js
82 silly gunzTarPerm extractEntry lib/commands/help.js
83 silly gunzTarPerm extractEntry lib/commands/list.js
84 silly gunzTarPerm extractEntry lib/commands/lookup.js
85 silly gunzTarPerm extractEntry lib/commands/register.js
86 silly gunzTarPerm extractEntry lib/commands/search.js
87 silly gunzTarPerm extractEntry lib/commands/uninstall.js
88 silly gunzTarPerm extractEntry lib/commands/completion.js
89 silly gunzTarPerm extractEntry lib/commands/update.js
90 silly gunzTarPerm extractEntry lib/commands/link.js
91 silly gunzTarPerm extractEntry lib/core/config.js
92 silly gunzTarPerm extractEntry lib/core/manager.js
93 silly gunzTarPerm extractEntry lib/core/package.js
94 silly gunzTarPerm extractEntry lib/core/source.js
95 silly gunzTarPerm extractEntry lib/core/unit_work.js
96 silly gunzTarPerm extractEntry lib/util/completion.js
97 silly gunzTarPerm extractEntry lib/util/file-exists.js
98 silly gunzTarPerm extractEntry lib/util/hogan-colors.js
99 silly gunzTarPerm extractEntry lib/util/is-repo.js
100 silly gunzTarPerm extractEntry lib/util/prune.js
101 silly gunzTarPerm extractEntry lib/util/read-json.js
102 silly gunzTarPerm extractEntry lib/util/save.js
103 silly gunzTarPerm extractEntry lib/util/spawn.js
104 silly gunzTarPerm extractEntry lib/util/template.js
105 silly gunzTarPerm extractEntry .travis.yml
106 silly gunzTarPerm extractEntry bin/bower
107 silly gunzTarPerm extractEntry Makefile
108 silly gunzTarPerm extractEntry CHANGELOG.md
109 silly gunzTarPerm extractEntry .jshintrc
110 silly gunzTarPerm extractEntry templates/help-uninstall.mustache
111 silly gunzTarPerm extractEntry templates/action.mustache
112 silly gunzTarPerm extractEntry templates/completion.mustache
113 silly gunzTarPerm extractEntry templates/conflict.mustache
114 silly gunzTarPerm extractEntry templates/error-summary.mustache
115 silly gunzTarPerm extractEntry templates/error.mustache
116 silly gunzTarPerm extractEntry templates/help-cache-clean.mustache
117 silly gunzTarPerm extractEntry templates/help-completion.mustache
118 silly gunzTarPerm extractEntry templates/help-info.mustache
119 silly gunzTarPerm extractEntry templates/help-install.mustache
120 silly gunzTarPerm extractEntry templates/help-link.mustache
121 silly gunzTarPerm extractEntry templates/help-list.mustache
122 silly gunzTarPerm extractEntry templates/help-lookup.mustache
123 silly gunzTarPerm extractEntry templates/help-register.mustache
124 silly gunzTarPerm extractEntry templates/help-search.mustache
125 silly gunzTarPerm extractEntry templates/complete.mustache
126 silly gunzTarPerm extractEntry templates/help-update.mustache
127 silly gunzTarPerm extractEntry templates/help.mustache
128 silly gunzTarPerm extractEntry templates/info.mustache
129 silly gunzTarPerm extractEntry templates/link.mustache
130 silly gunzTarPerm extractEntry templates/lookup.mustache
131 silly gunzTarPerm extractEntry templates/register.mustache
132 silly gunzTarPerm extractEntry templates/resolved-conflict.mustache
133 silly gunzTarPerm extractEntry templates/search-empty.mustache
134 silly gunzTarPerm extractEntry templates/search.mustache
135 silly gunzTarPerm extractEntry templates/suggestions.mustache
136 silly gunzTarPerm extractEntry templates/tree-branch.mustache
137 silly gunzTarPerm extractEntry templates/warn.mustache
138 silly gunzTarPerm extractEntry templates/warning-mismatch.mustache
139 silly gunzTarPerm extractEntry templates/warning-missing.mustache
140 silly gunzTarPerm extractEntry templates/warning-uninstall.mustache
141 silly gunzTarPerm extractEntry test/cache-clean.js
142 silly gunzTarPerm extractEntry test/completion.js
143 silly gunzTarPerm extractEntry test/help.js
144 silly gunzTarPerm extractEntry test/info.js
145 silly gunzTarPerm extractEntry test/manager.js
146 silly gunzTarPerm extractEntry test/package.js
147 silly gunzTarPerm extractEntry test/assets/package-nonstandard-json/.bowerrc
148 silly gunzTarPerm extractEntry test/assets/package-nonstandard-json/foocomponent.json
149 silly gunzTarPerm extractEntry test/assets/package-bootstrap/index.js
150 silly gunzTarPerm extractEntry test/assets/package-bootstrap/component.json
151 silly gunzTarPerm extractEntry test/assets/package-deps-on-jquery-old/component.json
152 silly gunzTarPerm extractEntry test/assets/package-empty-rc/.bowerrc
153 silly gunzTarPerm extractEntry test/assets/package-empty-rc/component.json
154 silly gunzTarPerm extractEntry test/assets/package-empty-rc/foocomponent.json
155 silly gunzTarPerm extractEntry test/assets/package-ignorables/index.js
156 silly gunzTarPerm extractEntry test/assets/package-ignorables/.casey
157 silly gunzTarPerm extractEntry test/assets/package-ignorables/.hide/turtle-location.mdown
158 silly gunzTarPerm extractEntry test/assets/package-ignorables/component.json
159 silly gunzTarPerm extractEntry test/assets/package-ignorables/config/.jshintrc
160 silly gunzTarPerm extractEntry test/assets/package-ignorables/don.txt
161 silly gunzTarPerm extractEntry test/assets/package-ignorables/leo.txt
162 silly gunzTarPerm extractEntry test/assets/package-ignorables/lib/april.txt
163 silly gunzTarPerm extractEntry test/assets/package-ignorables/names.txt
164 silly gunzTarPerm extractEntry test/assets/package-ignorables/test/shredder.js
165 silly gunzTarPerm extractEntry test/assets/package-ignorables/test/splinter.js
166 silly gunzTarPerm extractEntry test/assets/package-invalid-json/index.js
167 silly gunzTarPerm extractEntry test/assets/package-invalid-json/component.json
168 silly gunzTarPerm extractEntry test/assets/package-jquery/foo.js
169 silly gunzTarPerm extractEntry test/assets/package-jquery/index.js
170 silly gunzTarPerm extractEntry test/assets/package-jquery/component.json
171 silly gunzTarPerm extractEntry test/assets/package-jquery-copy/index.js
172 silly gunzTarPerm extractEntry test/assets/package-jquery-copy/component.json
173 silly gunzTarPerm extractEntry test/assets/package-no-json/index.js
174 silly gunzTarPerm extractEntry test/assets/package-deps-on-jquery/component.json
175 silly gunzTarPerm extractEntry test/assets/package-nonstandard-json-copy/foocomponent.json
176 silly gunzTarPerm extractEntry test/assets/package-repo/README.md
177 silly gunzTarPerm extractEntry test/assets/package-repo/LICENSE
178 silly gunzTarPerm extractEntry test/assets/package-repo/spark-md5.js
179 silly gunzTarPerm extractEntry test/assets/package-repo/spark-md5.min.js
180 silly gunzTarPerm extractEntry test/assets/package-repo/.jshintrc
181 silly gunzTarPerm extractEntry test/assets/package-repo/git_repo/logs/HEAD
182 silly gunzTarPerm extractEntry test/assets/package-repo/git_repo/logs/refs/heads/master
183 silly gunzTarPerm extractEntry test/assets/package-repo/git_repo/logs/refs/remotes/origin/HEAD
184 silly gunzTarPerm extractEntry test/assets/package-repo/git_repo/logs/refs/remotes/origin/master
185 silly gunzTarPerm extractEntry test/assets/package-repo/git_repo/config
186 silly gunzTarPerm extractEntry test/assets/package-repo/git_repo/FETCH_HEAD
187 silly gunzTarPerm extractEntry test/assets/package-repo/git_repo/HEAD
188 silly gunzTarPerm extractEntry test/assets/package-repo/git_repo/hooks/applypatch-msg.sample
189 silly gunzTarPerm extractEntry test/assets/package-repo/git_repo/hooks/commit-msg.sample
190 silly gunzTarPerm extractEntry test/assets/package-repo/git_repo/hooks/post-commit.sample
191 silly gunzTarPerm extractEntry test/assets/package-repo/git_repo/hooks/post-receive.sample
192 silly gunzTarPerm extractEntry test/assets/package-repo/git_repo/hooks/post-update.sample
193 silly gunzTarPerm extractEntry test/assets/package-repo/git_repo/hooks/pre-applypatch.sample
194 silly gunzTarPerm extractEntry test/assets/package-repo/git_repo/hooks/pre-commit.sample
195 silly gunzTarPerm extractEntry test/assets/package-repo/git_repo/hooks/pre-rebase.sample
196 silly gunzTarPerm extractEntry test/assets/package-repo/git_repo/hooks/prepare-commit-msg.sample
197 silly gunzTarPerm extractEntry test/assets/package-repo/git_repo/hooks/update.sample
198 silly gunzTarPerm extractEntry test/assets/package-repo/git_repo/index
199 silly gunzTarPerm extractEntry test/assets/package-repo/git_repo/info/exclude
200 silly gunzTarPerm extractEntry test/assets/package-repo/git_repo/description
201 silly gunzTarPerm extractEntry test/assets/package-repo/git_repo/objects/8e/353e91e31d9d1e155e12bc29ca14af0afcbe06
202 silly gunzTarPerm extractEntry test/assets/package-repo/git_repo/objects/01/df57df1726b7a1a07e981c1ce316436a381e35
203 silly gunzTarPerm extractEntry test/assets/package-repo/git_repo/objects/14/42d7b7f77a570522883398e544ee78fdb1a30a
204 silly gunzTarPerm extractEntry test/assets/package-repo/git_repo/objects/1d/91729839ff499a8ace40628f65fafe9acfd043
205 silly gunzTarPerm extractEntry test/assets/package-repo/git_repo/objects/1d/cd807701aafabafb6cff8313b8becea7908a61
206 silly gunzTarPerm extractEntry test/assets/package-repo/git_repo/objects/20/42506f6dd1e6baed04bba341891dc3b7781a70
207 silly gunzTarPerm extractEntry test/assets/package-repo/git_repo/objects/32/3c26e45c06f688d1b00ee04a53ddafaf066d5e
208 silly gunzTarPerm extractEntry test/assets/package-repo/git_repo/objects/3f/84fca5dba20dfbff011c1ec87952892e7829b3
209 silly gunzTarPerm extractEntry test/assets/package-repo/git_repo/objects/48/7a6ae84da8e4a1ee95cf59c7df8ea436fabf4c
210 silly gunzTarPerm extractEntry test/assets/package-repo/git_repo/objects/4e/576c52cb630491ebcf62a77f5e81077c3be57e
211 silly gunzTarPerm extractEntry test/assets/package-repo/git_repo/objects/52/8f8e1553e2b03aee7ab6eb9216b3ed89061784
212 silly gunzTarPerm extractEntry test/assets/package-repo/git_repo/objects/68/9c63b3432aaece15106f8b2162619f982ec370
213 silly gunzTarPerm extractEntry test/assets/package-repo/git_repo/objects/69/bc69fdce113f9c1566aec1392bcc79d10d454b
214 silly gunzTarPerm extractEntry test/assets/package-repo/git_repo/objects/6c/1354ad5764e71a3bf30650013f0f0e9a897450
215 silly gunzTarPerm extractEntry test/assets/package-repo/git_repo/objects/75/7a3f84cfbf1fc94ce0c67d2f016690eb495bb5
216 silly gunzTarPerm extractEntry test/assets/package-repo/git_repo/objects/7a/0419da6bb16bbccf5e07f9bcd1754108ed9d1a
217 silly gunzTarPerm extractEntry test/assets/package-repo/git_repo/objects/80/95211f85d5038d6f2ee248a134cf7e7d28e123
218 silly gunzTarPerm extractEntry test/assets/package-repo/git_repo/objects/83/0e1eb1a47c76ecfd3c1df4ab1485dc8188cf3c
219 silly gunzTarPerm extractEntry test/assets/package-repo/git_repo/objects/88/259581b83fd9081b94deebf2a7632590f09f83
220 silly gunzTarPerm extractEntry test/assets/package-repo/git_repo/objects/8c/ffccc175240ac0346bd2171a0d25d7c6a88c5f
221 silly gunzTarPerm extractEntry test/assets/package-repo/git_repo/objects/0d/af124cc7163788c501f382461e45bd1de8e7ab
222 silly gunzTarPerm extractEntry test/assets/package-repo/git_repo/objects/90/ed234fb0708235a733bcae0e5b90bd4fac5321
223 silly gunzTarPerm extractEntry test/assets/package-repo/git_repo/objects/92/afeeb69adc7fd744bb4d6556dc3d7204cb71fa
224 silly gunzTarPerm extractEntry test/assets/package-repo/git_repo/objects/97/17b8c32f1c6acfbe3db68df8856a6630e4772d
225 silly gunzTarPerm extractEntry test/assets/package-repo/git_repo/objects/9c/7fa0117320c0c8b3f7d760143bad93c6e34b9d
226 silly gunzTarPerm extractEntry test/assets/package-repo/git_repo/objects/9e/1ea691c15d1fcbd4df08a43381e52c6b4b8f83
227 silly gunzTarPerm extractEntry test/assets/package-repo/git_repo/objects/a2/1a15efe0034e57f1455f55ca1cd7805e25adfd
228 silly gunzTarPerm extractEntry test/assets/package-repo/git_repo/objects/aa/77627e06564ada85565b7fee02d9c28047f35a
229 silly gunzTarPerm extractEntry test/assets/package-repo/git_repo/objects/bb/01907369ff7accc18d6ec5b17d231f4217ac2d
230 silly gunzTarPerm extractEntry test/assets/package-repo/git_repo/objects/be/9b0e2ca43b223ab14df61b868e95cb412c6faa
231 silly gunzTarPerm extractEntry test/assets/package-repo/git_repo/objects/bf/7794b69000bbaa6598c3f67cc70c6a51d6ca3d
232 silly gunzTarPerm extractEntry test/assets/package-repo/git_repo/objects/ca/dd0beb4df19711eb9ce432608504cc21beebf3
233 silly gunzTarPerm extractEntry test/assets/package-repo/git_repo/objects/d3/e127498b258d1827d03aa8980fc8db868352ad
234 silly gunzTarPerm extractEntry test/assets/package-repo/git_repo/objects/d7/bb417d109af63c5bcbd7f7484ddfa66f38af13
235 silly gunzTarPerm extractEntry test/assets/package-repo/git_repo/objects/ec/b67101368c505a6c23f1a1966d13c6aa66483f
236 silly gunzTarPerm extractEntry test/assets/package-repo/git_repo/objects/ee/947ec6a8a56f6c57d3fb48d10f8c104c66f4ce
237 silly gunzTarPerm extractEntry test/assets/package-repo/git_repo/objects/f2/4e11fa324ac703273a03f54c3d60d840e69e24
238 silly gunzTarPerm extractEntry test/assets/package-repo/git_repo/objects/f9/260e4e30eb5e9f7d08751c6348e90b505f8af0
239 silly gunzTarPerm extractEntry test/assets/package-repo/git_repo/objects/f9/3f2fb92626ffd5bb9a17b5e2b2642f2c70c014
240 silly gunzTarPerm extractEntry test/assets/package-repo/git_repo/objects/fb/18250b19f479c46a49a393a8f8f932ed083b55
241 silly gunzTarPerm extractEntry test/assets/package-repo/git_repo/objects/pack/pack-af6aba8bdcf0fc9c7b4a690e6e2976ed7bbb8521.idx
242 silly gunzTarPerm extractEntry test/assets/package-repo/git_repo/objects/pack/pack-af6aba8bdcf0fc9c7b4a690e6e2976ed7bbb8521.pack
243 silly gunzTarPerm extractEntry test/assets/package-repo/git_repo/ORIG_HEAD
244 silly gunzTarPerm extractEntry test/assets/package-repo/git_repo/packed-refs
245 silly gunzTarPerm extractEntry test/assets/package-repo/git_repo/refs/heads/master
246 silly gunzTarPerm extractEntry test/assets/package-repo/git_repo/refs/remotes/origin/HEAD
247 silly gunzTarPerm extractEntry test/assets/package-repo/git_repo/refs/remotes/origin/master
248 silly gunzTarPerm extractEntry test/assets/package-repo/git_repo/refs/tags/0.0.1
249 silly gunzTarPerm extractEntry test/assets/package-repo/git_repo/refs/tags/0.0.2
250 silly gunzTarPerm extractEntry test/assets/package-repo/git_repo/tortoisegit.data
251 silly gunzTarPerm extractEntry test/assets/package-repo/git_repo/tortoisegit.index
252 silly gunzTarPerm extractEntry test/assets/package-repo/test/file_reader.html
253 silly gunzTarPerm extractEntry test/assets/package-repo/test/index.html
254 silly gunzTarPerm extractEntry test/assets/project/.npmignore
255 silly gunzTarPerm extractEntry test/assets/project/component.json
256 silly gunzTarPerm extractEntry test/assets/project-nested/component.json
257 silly gunzTarPerm extractEntry test/assets/project-nested-conflict/component.json
258 silly gunzTarPerm extractEntry test/assets/project-nonstandard-json/foocomponent.json
259 silly gunzTarPerm extractEntry test/assets/project-static/component.json
260 silly gunzTarPerm extractEntry test/assets/sprockets/.npmignore
261 silly gunzTarPerm extractEntry test/assets/sprockets/assets/application.js
262 silly gunzTarPerm extractEntry test/assets/sprockets/component.json
263 silly gunzTarPerm extractEntry test/assets/sprockets/Rakefile
264 verbose read json /var/folders/8g/95xqshv50vq0jlcm6tdb0mp40000gn/T/npm-80177/1359944410414-0.6543351428117603/package/package.json
265 silly lockFile b6fbfe87-10414-0-6543351428117603-package /var/folders/8g/95xqshv50vq0jlcm6tdb0mp40000gn/T/npm-80177/1359944410414-0.6543351428117603/package
266 verbose from cache /var/folders/8g/95xqshv50vq0jlcm6tdb0mp40000gn/T/npm-80177/1359944410414-0.6543351428117603/package/package.json
267 verbose tar pack [ '/Users/***REMOVED***/.npm/bower/0.7.0/package.tgz',
267 verbose tar pack   '/var/folders/8g/95xqshv50vq0jlcm6tdb0mp40000gn/T/npm-80177/1359944410414-0.6543351428117603/package' ]
268 verbose tarball /Users/***REMOVED***/.npm/bower/0.7.0/package.tgz
269 verbose folder /var/folders/8g/95xqshv50vq0jlcm6tdb0mp40000gn/T/npm-80177/1359944410414-0.6543351428117603/package
270 silly lockFile 9d440626-zzle-npm-bower-0-7-0-package-tgz /Users/***REMOVED***/.npm/bower/0.7.0/package.tgz
271 verbose lock /Users/***REMOVED***/.npm/bower/0.7.0/package.tgz /Users/***REMOVED***/.npm/9d440626-zzle-npm-bower-0-7-0-package-tgz.lock
272 silly lockFile 9d440626-zzle-npm-bower-0-7-0-package-tgz /Users/***REMOVED***/.npm/bower/0.7.0/package.tgz
273 silly lockFile deb217a3-rokizzle-npm-bower-0-7-0-package /Users/***REMOVED***/.npm/bower/0.7.0/package
274 verbose lock /Users/***REMOVED***/.npm/bower/0.7.0/package /Users/***REMOVED***/.npm/deb217a3-rokizzle-npm-bower-0-7-0-package.lock
275 silly lockFile deb217a3-rokizzle-npm-bower-0-7-0-package /Users/***REMOVED***/.npm/bower/0.7.0/package
276 verbose tar unpack /Users/***REMOVED***/.npm/bower/0.7.0/package.tgz
277 silly lockFile deb217a3-rokizzle-npm-bower-0-7-0-package /Users/***REMOVED***/.npm/bower/0.7.0/package
278 verbose lock /Users/***REMOVED***/.npm/bower/0.7.0/package /Users/***REMOVED***/.npm/deb217a3-rokizzle-npm-bower-0-7-0-package.lock
279 silly gunzTarPerm modes [ '755', '644' ]
280 silly gunzTarPerm extractEntry package.json
281 silly gunzTarPerm extractEntry .npmignore
282 silly gunzTarPerm extractEntry README.md
283 silly gunzTarPerm extractEntry LICENSE
284 silly gunzTarPerm extractEntry cleanup.js
285 silly gunzTarPerm extractEntry lib/index.js
286 silly gunzTarPerm extractEntry lib/commands/cache-clean.js
287 silly gunzTarPerm extractEntry lib/commands/index.js
288 silly gunzTarPerm extractEntry lib/commands/info.js
289 silly gunzTarPerm extractEntry lib/commands/install.js
290 silly gunzTarPerm extractEntry lib/commands/help.js
291 silly gunzTarPerm extractEntry lib/commands/list.js
292 silly gunzTarPerm extractEntry lib/commands/lookup.js
293 silly gunzTarPerm extractEntry lib/commands/register.js
294 silly gunzTarPerm extractEntry lib/commands/search.js
295 silly gunzTarPerm extractEntry lib/commands/uninstall.js
296 silly gunzTarPerm extractEntry lib/commands/completion.js
297 silly gunzTarPerm extractEntry lib/commands/update.js
298 silly gunzTarPerm extractEntry lib/commands/link.js
299 silly gunzTarPerm extractEntry lib/core/config.js
300 silly gunzTarPerm extractEntry lib/core/manager.js
301 silly gunzTarPerm extractEntry lib/core/package.js
302 silly gunzTarPerm extractEntry lib/core/source.js
303 silly gunzTarPerm extractEntry lib/core/unit_work.js
304 silly gunzTarPerm extractEntry lib/util/completion.js
305 silly gunzTarPerm extractEntry lib/util/file-exists.js
306 silly gunzTarPerm extractEntry lib/util/hogan-colors.js
307 silly gunzTarPerm extractEntry lib/util/is-repo.js
308 silly gunzTarPerm extractEntry lib/util/prune.js
309 silly gunzTarPerm extractEntry lib/util/read-json.js
310 silly gunzTarPerm extractEntry lib/util/save.js
311 silly gunzTarPerm extractEntry lib/util/spawn.js
312 silly gunzTarPerm extractEntry lib/util/template.js
313 silly gunzTarPerm extractEntry .travis.yml
314 silly gunzTarPerm extractEntry bin/bower
315 silly gunzTarPerm extractEntry Makefile
316 silly gunzTarPerm extractEntry CHANGELOG.md
317 silly gunzTarPerm extractEntry .jshintrc
318 silly gunzTarPerm extractEntry templates/help-uninstall.mustache
319 silly gunzTarPerm extractEntry templates/action.mustache
320 silly gunzTarPerm extractEntry templates/completion.mustache
321 silly gunzTarPerm extractEntry templates/conflict.mustache
322 silly gunzTarPerm extractEntry templates/error-summary.mustache
323 silly gunzTarPerm extractEntry templates/error.mustache
324 silly gunzTarPerm extractEntry templates/help-cache-clean.mustache
325 silly gunzTarPerm extractEntry templates/help-completion.mustache
326 silly gunzTarPerm extractEntry templates/help-info.mustache
327 silly gunzTarPerm extractEntry templates/help-install.mustache
328 silly gunzTarPerm extractEntry templates/help-link.mustache
329 silly gunzTarPerm extractEntry templates/help-list.mustache
330 silly gunzTarPerm extractEntry templates/help-lookup.mustache
331 silly gunzTarPerm extractEntry templates/help-register.mustache
332 silly gunzTarPerm extractEntry templates/help-search.mustache
333 silly gunzTarPerm extractEntry templates/complete.mustache
334 silly gunzTarPerm extractEntry templates/help-update.mustache
335 silly gunzTarPerm extractEntry templates/help.mustache
336 silly gunzTarPerm extractEntry templates/info.mustache
337 silly gunzTarPerm extractEntry templates/link.mustache
338 silly gunzTarPerm extractEntry templates/lookup.mustache
339 silly gunzTarPerm extractEntry templates/register.mustache
340 silly gunzTarPerm extractEntry templates/resolved-conflict.mustache
341 silly gunzTarPerm extractEntry templates/search-empty.mustache
342 silly gunzTarPerm extractEntry templates/search.mustache
343 silly gunzTarPerm extractEntry templates/suggestions.mustache
344 silly gunzTarPerm extractEntry templates/tree-branch.mustache
345 silly gunzTarPerm extractEntry templates/warn.mustache
346 silly gunzTarPerm extractEntry templates/warning-mismatch.mustache
347 silly gunzTarPerm extractEntry templates/warning-missing.mustache
348 silly gunzTarPerm extractEntry templates/warning-uninstall.mustache
349 silly gunzTarPerm extractEntry test/cache-clean.js
350 silly gunzTarPerm extractEntry test/completion.js
351 silly gunzTarPerm extractEntry test/help.js
352 silly gunzTarPerm extractEntry test/info.js
353 silly gunzTarPerm extractEntry test/manager.js
354 silly gunzTarPerm extractEntry test/package.js
355 silly gunzTarPerm extractEntry test/assets/package-nonstandard-json/.bowerrc
356 silly gunzTarPerm extractEntry test/assets/package-nonstandard-json/foocomponent.json
357 silly gunzTarPerm extractEntry test/assets/package-bootstrap/index.js
358 silly gunzTarPerm extractEntry test/assets/package-bootstrap/component.json
359 silly gunzTarPerm extractEntry test/assets/package-deps-on-jquery-old/component.json
360 silly gunzTarPerm extractEntry test/assets/package-empty-rc/.bowerrc
361 silly gunzTarPerm extractEntry test/assets/package-empty-rc/component.json
362 silly gunzTarPerm extractEntry test/assets/package-empty-rc/foocomponent.json
363 silly gunzTarPerm extractEntry test/assets/package-ignorables/index.js
364 silly gunzTarPerm extractEntry test/assets/package-ignorables/.casey
365 silly gunzTarPerm extractEntry test/assets/package-ignorables/.hide/turtle-location.mdown
366 silly gunzTarPerm extractEntry test/assets/package-ignorables/component.json
367 silly gunzTarPerm extractEntry test/assets/package-ignorables/config/.jshintrc
368 silly gunzTarPerm extractEntry test/assets/package-ignorables/don.txt
369 silly gunzTarPerm extractEntry test/assets/package-ignorables/leo.txt
370 silly gunzTarPerm extractEntry test/assets/package-ignorables/lib/april.txt
371 silly gunzTarPerm extractEntry test/assets/package-ignorables/names.txt
372 silly gunzTarPerm extractEntry test/assets/package-ignorables/test/shredder.js
373 silly gunzTarPerm extractEntry test/assets/package-ignorables/test/splinter.js
374 silly gunzTarPerm extractEntry test/assets/package-invalid-json/index.js
375 silly gunzTarPerm extractEntry test/assets/package-invalid-json/component.json
376 silly gunzTarPerm extractEntry test/assets/package-jquery/foo.js
377 silly gunzTarPerm extractEntry test/assets/package-jquery/index.js
378 silly gunzTarPerm extractEntry test/assets/package-jquery/component.json
379 silly gunzTarPerm extractEntry test/assets/package-jquery-copy/index.js
380 silly gunzTarPerm extractEntry test/assets/package-jquery-copy/component.json
381 silly gunzTarPerm extractEntry test/assets/package-no-json/index.js
382 silly gunzTarPerm extractEntry test/assets/package-deps-on-jquery/component.json
383 silly gunzTarPerm extractEntry test/assets/package-nonstandard-json-copy/foocomponent.json
384 silly gunzTarPerm extractEntry test/assets/package-repo/README.md
385 silly gunzTarPerm extractEntry test/assets/package-repo/LICENSE
386 silly gunzTarPerm extractEntry test/assets/package-repo/spark-md5.js
387 silly gunzTarPerm extractEntry test/assets/package-repo/spark-md5.min.js
388 silly gunzTarPerm extractEntry test/assets/package-repo/.jshintrc
389 silly gunzTarPerm extractEntry test/assets/package-repo/git_repo/logs/HEAD
390 silly gunzTarPerm extractEntry test/assets/package-repo/git_repo/logs/refs/heads/master
391 silly gunzTarPerm extractEntry test/assets/package-repo/git_repo/logs/refs/remotes/origin/HEAD
392 silly gunzTarPerm extractEntry test/assets/package-repo/git_repo/logs/refs/remotes/origin/master
393 silly gunzTarPerm extractEntry test/assets/package-repo/git_repo/config
394 silly gunzTarPerm extractEntry test/assets/package-repo/git_repo/FETCH_HEAD
395 silly gunzTarPerm extractEntry test/assets/package-repo/git_repo/HEAD
396 silly gunzTarPerm extractEntry test/assets/package-repo/git_repo/hooks/applypatch-msg.sample
397 silly gunzTarPerm extractEntry test/assets/package-repo/git_repo/hooks/commit-msg.sample
398 silly gunzTarPerm extractEntry test/assets/package-repo/git_repo/hooks/post-commit.sample
399 silly gunzTarPerm extractEntry test/assets/package-repo/git_repo/hooks/post-receive.sample
400 silly gunzTarPerm extractEntry test/assets/package-repo/git_repo/hooks/post-update.sample
401 silly gunzTarPerm extractEntry test/assets/package-repo/git_repo/hooks/pre-applypatch.sample
402 silly gunzTarPerm extractEntry test/assets/package-repo/git_repo/hooks/pre-commit.sample
403 silly gunzTarPerm extractEntry test/assets/package-repo/git_repo/hooks/pre-rebase.sample
404 silly gunzTarPerm extractEntry test/assets/package-repo/git_repo/hooks/prepare-commit-msg.sample
405 silly gunzTarPerm extractEntry test/assets/package-repo/git_repo/hooks/update.sample
406 silly gunzTarPerm extractEntry test/assets/package-repo/git_repo/index
407 silly gunzTarPerm extractEntry test/assets/package-repo/git_repo/info/exclude
408 silly gunzTarPerm extractEntry test/assets/package-repo/git_repo/description
409 silly gunzTarPerm extractEntry test/assets/package-repo/git_repo/objects/8e/353e91e31d9d1e155e12bc29ca14af0afcbe06
410 silly gunzTarPerm extractEntry test/assets/package-repo/git_repo/objects/01/df57df1726b7a1a07e981c1ce316436a381e35
411 silly gunzTarPerm extractEntry test/assets/package-repo/git_repo/objects/14/42d7b7f77a570522883398e544ee78fdb1a30a
412 silly gunzTarPerm extractEntry test/assets/package-repo/git_repo/objects/1d/91729839ff499a8ace40628f65fafe9acfd043
413 silly gunzTarPerm extractEntry test/assets/package-repo/git_repo/objects/1d/cd807701aafabafb6cff8313b8becea7908a61
414 silly gunzTarPerm extractEntry test/assets/package-repo/git_repo/objects/20/42506f6dd1e6baed04bba341891dc3b7781a70
415 silly gunzTarPerm extractEntry test/assets/package-repo/git_repo/objects/32/3c26e45c06f688d1b00ee04a53ddafaf066d5e
416 silly gunzTarPerm extractEntry test/assets/package-repo/git_repo/objects/3f/84fca5dba20dfbff011c1ec87952892e7829b3
417 silly gunzTarPerm extractEntry test/assets/package-repo/git_repo/objects/48/7a6ae84da8e4a1ee95cf59c7df8ea436fabf4c
418 silly gunzTarPerm extractEntry test/assets/package-repo/git_repo/objects/4e/576c52cb630491ebcf62a77f5e81077c3be57e
419 silly gunzTarPerm extractEntry test/assets/package-repo/git_repo/objects/52/8f8e1553e2b03aee7ab6eb9216b3ed89061784
420 silly gunzTarPerm extractEntry test/assets/package-repo/git_repo/objects/68/9c63b3432aaece15106f8b2162619f982ec370
421 silly gunzTarPerm extractEntry test/assets/package-repo/git_repo/objects/69/bc69fdce113f9c1566aec1392bcc79d10d454b
422 silly gunzTarPerm extractEntry test/assets/package-repo/git_repo/objects/6c/1354ad5764e71a3bf30650013f0f0e9a897450
423 silly gunzTarPerm extractEntry test/assets/package-repo/git_repo/objects/75/7a3f84cfbf1fc94ce0c67d2f016690eb495bb5
424 silly gunzTarPerm extractEntry test/assets/package-repo/git_repo/objects/7a/0419da6bb16bbccf5e07f9bcd1754108ed9d1a
425 silly gunzTarPerm extractEntry test/assets/package-repo/git_repo/objects/80/95211f85d5038d6f2ee248a134cf7e7d28e123
426 silly gunzTarPerm extractEntry test/assets/package-repo/git_repo/objects/83/0e1eb1a47c76ecfd3c1df4ab1485dc8188cf3c
427 silly gunzTarPerm extractEntry test/assets/package-repo/git_repo/objects/88/259581b83fd9081b94deebf2a7632590f09f83
428 silly gunzTarPerm extractEntry test/assets/package-repo/git_repo/objects/8c/ffccc175240ac0346bd2171a0d25d7c6a88c5f
429 silly gunzTarPerm extractEntry test/assets/package-repo/git_repo/objects/0d/af124cc7163788c501f382461e45bd1de8e7ab
430 silly gunzTarPerm extractEntry test/assets/package-repo/git_repo/objects/90/ed234fb0708235a733bcae0e5b90bd4fac5321
431 silly gunzTarPerm extractEntry test/assets/package-repo/git_repo/objects/92/afeeb69adc7fd744bb4d6556dc3d7204cb71fa
432 silly gunzTarPerm extractEntry test/assets/package-repo/git_repo/objects/97/17b8c32f1c6acfbe3db68df8856a6630e4772d
433 silly gunzTarPerm extractEntry test/assets/package-repo/git_repo/objects/9c/7fa0117320c0c8b3f7d760143bad93c6e34b9d
434 silly gunzTarPerm extractEntry test/assets/package-repo/git_repo/objects/9e/1ea691c15d1fcbd4df08a43381e52c6b4b8f83
435 silly gunzTarPerm extractEntry test/assets/package-repo/git_repo/objects/a2/1a15efe0034e57f1455f55ca1cd7805e25adfd
436 silly gunzTarPerm extractEntry test/assets/package-repo/git_repo/objects/aa/77627e06564ada85565b7fee02d9c28047f35a
437 silly gunzTarPerm extractEntry test/assets/package-repo/git_repo/objects/bb/01907369ff7accc18d6ec5b17d231f4217ac2d
438 silly gunzTarPerm extractEntry test/assets/package-repo/git_repo/objects/be/9b0e2ca43b223ab14df61b868e95cb412c6faa
439 silly gunzTarPerm extractEntry test/assets/package-repo/git_repo/objects/bf/7794b69000bbaa6598c3f67cc70c6a51d6ca3d
440 silly gunzTarPerm extractEntry test/assets/package-repo/git_repo/objects/ca/dd0beb4df19711eb9ce432608504cc21beebf3
441 silly gunzTarPerm extractEntry test/assets/package-repo/git_repo/objects/d3/e127498b258d1827d03aa8980fc8db868352ad
442 silly gunzTarPerm extractEntry test/assets/package-repo/git_repo/objects/d7/bb417d109af63c5bcbd7f7484ddfa66f38af13
443 silly gunzTarPerm extractEntry test/assets/package-repo/git_repo/objects/ec/b67101368c505a6c23f1a1966d13c6aa66483f
444 silly gunzTarPerm extractEntry test/assets/package-repo/git_repo/objects/ee/947ec6a8a56f6c57d3fb48d10f8c104c66f4ce
445 silly gunzTarPerm extractEntry test/assets/package-repo/git_repo/objects/f2/4e11fa324ac703273a03f54c3d60d840e69e24
446 silly gunzTarPerm extractEntry test/assets/package-repo/git_repo/objects/f9/260e4e30eb5e9f7d08751c6348e90b505f8af0
447 silly gunzTarPerm extractEntry test/assets/package-repo/git_repo/objects/f9/3f2fb92626ffd5bb9a17b5e2b2642f2c70c014
448 silly gunzTarPerm extractEntry test/assets/package-repo/git_repo/objects/fb/18250b19f479c46a49a393a8f8f932ed083b55
449 silly gunzTarPerm extractEntry test/assets/package-repo/git_repo/objects/pack/pack-af6aba8bdcf0fc9c7b4a690e6e2976ed7bbb8521.idx
450 silly gunzTarPerm extractEntry test/assets/package-repo/git_repo/objects/pack/pack-af6aba8bdcf0fc9c7b4a690e6e2976ed7bbb8521.pack
451 silly gunzTarPerm extractEntry test/assets/package-repo/git_repo/ORIG_HEAD
452 silly gunzTarPerm extractEntry test/assets/package-repo/git_repo/packed-refs
453 silly gunzTarPerm extractEntry test/assets/package-repo/git_repo/refs/heads/master
454 silly gunzTarPerm extractEntry test/assets/package-repo/git_repo/refs/remotes/origin/HEAD
455 silly gunzTarPerm extractEntry test/assets/package-repo/git_repo/refs/remotes/origin/master
456 silly gunzTarPerm extractEntry test/assets/package-repo/git_repo/refs/tags/0.0.1
457 silly gunzTarPerm extractEntry test/assets/package-repo/git_repo/refs/tags/0.0.2
458 silly gunzTarPerm extractEntry test/assets/package-repo/git_repo/tortoisegit.data
459 silly gunzTarPerm extractEntry test/assets/package-repo/git_repo/tortoisegit.index
460 silly gunzTarPerm extractEntry test/assets/package-repo/test/file_reader.html
461 silly gunzTarPerm extractEntry test/assets/package-repo/test/index.html
462 silly gunzTarPerm extractEntry test/assets/project/.npmignore
463 silly gunzTarPerm extractEntry test/assets/project/component.json
464 silly gunzTarPerm extractEntry test/assets/project-nested/component.json
465 silly gunzTarPerm extractEntry test/assets/project-nested-conflict/component.json
466 silly gunzTarPerm extractEntry test/assets/project-nonstandard-json/foocomponent.json
467 silly gunzTarPerm extractEntry test/assets/project-static/component.json
468 silly gunzTarPerm extractEntry test/assets/sprockets/.npmignore
469 silly gunzTarPerm extractEntry test/assets/sprockets/assets/application.js
470 silly gunzTarPerm extractEntry test/assets/sprockets/component.json
471 silly gunzTarPerm extractEntry test/assets/sprockets/Rakefile
472 verbose read json /Users/***REMOVED***/.npm/bower/0.7.0/package/package.json
473 silly lockFile deb217a3-rokizzle-npm-bower-0-7-0-package /Users/***REMOVED***/.npm/bower/0.7.0/package
474 silly shasum updated bytes 40960
475 silly shasum updated bytes 40960
476 silly shasum updated bytes 40960
477 silly shasum updated bytes 40960
478 silly shasum updated bytes 235
479 info shasum 9acd8601a414c681248cb0a8a233276d9e8bb20a
479 info shasum /Users/***REMOVED***/.npm/bower/0.7.0/package.tgz
480 verbose from cache /Users/***REMOVED***/.npm/bower/0.7.0/package/package.json
481 verbose chmod /Users/***REMOVED***/.npm/bower/0.7.0/package.tgz 644
482 verbose chown /Users/***REMOVED***/.npm/bower/0.7.0/package.tgz [ 501, 20 ]
483 silly lockFile daee6e10--npmjs-org-bower-bower-0-7-0-tgz https://registry.npmjs.org/bower/-/bower-0.7.0.tgz
484 silly lockFile ddfc0439-bower-0-7-0 bower@0.7.0
485 silly lockFile b788227f-bower bower@*
486 info outdated updating [ [ '/usr/local/lib', 'npm', '1.1.65', '1.2.4' ],
486 info outdated   [ '/usr/local/lib', 'bower', '0.3.0', '0.7.0' ] ]
487 verbose install where,what [ '/usr/local/lib', [ 'npm@1.2.4' ] ]
488 verbose install where,what [ '/usr/local/lib', [ 'bower@0.7.0' ] ]
489 verbose read json /usr/local/lib/package.json
490 verbose read json /usr/local/lib/package.json
491 verbose read json /usr/local/lib/package.json
492 verbose read json /usr/local/lib/package.json
493 verbose cache add [ 'npm@1.2.4', null ]
494 silly cache add name=undefined spec="npm@1.2.4" args=["npm@1.2.4",null]
495 verbose parsed url { pathname: 'npm@1.2.4', path: 'npm@1.2.4', href: 'npm@1.2.4' }
496 silly cache add name="npm" spec="1.2.4" args=["npm","1.2.4"]
497 verbose parsed url { pathname: '1.2.4', path: '1.2.4', href: '1.2.4' }
498 verbose addNamed [ 'npm', '1.2.4' ]
499 verbose addNamed [ '1.2.4', '1.2.4' ]
500 silly lockFile 2dae1650-npm-1-2-4 npm@1.2.4
501 verbose lock npm@1.2.4 /Users/***REMOVED***/.npm/2dae1650-npm-1-2-4.lock
502 verbose cache add [ 'bower@0.7.0', null ]
503 silly cache add name=undefined spec="bower@0.7.0" args=["bower@0.7.0",null]
504 verbose parsed url { pathname: 'bower@0.7.0',
504 verbose parsed url   path: 'bower@0.7.0',
504 verbose parsed url   href: 'bower@0.7.0' }
505 silly cache add name="bower" spec="0.7.0" args=["bower","0.7.0"]
506 verbose parsed url { pathname: '0.7.0', path: '0.7.0', href: '0.7.0' }
507 verbose addNamed [ 'bower', '0.7.0' ]
508 verbose addNamed [ '0.7.0', '0.7.0' ]
509 silly lockFile ddfc0439-bower-0-7-0 bower@0.7.0
510 verbose lock bower@0.7.0 /Users/***REMOVED***/.npm/ddfc0439-bower-0-7-0.lock
511 verbose url raw bower/0.7.0
512 verbose url resolving [ 'https://registry.npmjs.org/', './bower/0.7.0' ]
513 verbose url resolved https://registry.npmjs.org/bower/0.7.0
514 info trying registry request attempt 1 at 21:20:15
515 http GET https://registry.npmjs.org/bower/0.7.0
516 verbose url raw npm/1.2.4
517 verbose url resolving [ 'https://registry.npmjs.org/', './npm/1.2.4' ]
518 verbose url resolved https://registry.npmjs.org/npm/1.2.4
519 info trying registry request attempt 1 at 21:20:15
520 verbose etag "CW99PBRZAWE9NQS12MD66VPHR"
521 http GET https://registry.npmjs.org/npm/1.2.4
522 http 304 https://registry.npmjs.org/npm/1.2.4
523 silly registry.get cb [ 304,
523 silly registry.get   { server: 'CouchDB/1.2.1 (Erlang OTP/R15B)',
523 silly registry.get     etag: '"CW99PBRZAWE9NQS12MD66VPHR"',
523 silly registry.get     date: 'Mon, 04 Feb 2013 02:18:29 GMT',
523 silly registry.get     'content-length': '0' } ]
524 verbose etag npm/1.2.4 from cache
525 verbose from cache /Users/***REMOVED***/.npm/npm/1.2.4/package/package.json
526 silly lockFile 2dae1650-npm-1-2-4 npm@1.2.4
527 silly resolved [ { version: '1.2.4',
527 silly resolved     name: 'npm',
527 silly resolved     publishConfig: { 'proprietary-attribs': false },
527 silly resolved     description: 'A package manager for node',
527 silly resolved     keywords: [ 'package manager', 'modules', 'install', 'package.json' ],
527 silly resolved     preferGlobal: true,
527 silly resolved     config: { publishtest: false },
527 silly resolved     homepage: 'https://npmjs.org/doc/',
527 silly resolved     author:
527 silly resolved      { name: 'Isaac Z. Schlueter',
527 silly resolved        email: 'i@izs.me',
527 silly resolved        url: 'http://blog.izs.me' },
527 silly resolved     repository: { type: 'git', url: 'https://github.com/isaacs/npm' },
527 silly resolved     bugs:
527 silly resolved      { email: 'npm-@googlegroups.com',
527 silly resolved        url: 'http://github.com/isaacs/npm/issues' },
527 silly resolved     directories: { doc: './doc', man: './man', lib: './lib', bin: './bin' },
527 silly resolved     main: './lib/npm.js',
527 silly resolved     bin: { npm: './bin/npm-cli.js' },
527 silly resolved     dependencies:
527 silly resolved      { semver: '~1.1.2',
527 silly resolved        ini: '~1.1.0',
527 silly resolved        slide: '1',
527 silly resolved        abbrev: '~1.0.4',
527 silly resolved        'graceful-fs': '~1.1.1',
527 silly resolved        minimatch: '~0.2.8',
527 silly resolved        nopt: '~2.1.1',
527 silly resolved        rimraf: '2',
527 silly resolved        request: '~2.9',
527 silly resolved        which: '1',
527 silly resolved        tar: '~0.1.12',
527 silly resolved        fstream: '~0.1.17',
527 silly resolved        'block-stream': '*',
527 silly resolved        inherits: '1',
527 silly resolved        mkdirp: '~0.3.3',
527 silly resolved        read: '~1.0.4',
527 silly resolved        'lru-cache': '~2.0.0',
527 silly resolved        'node-gyp': '~0.8.1',
527 silly resolved        'fstream-npm': '~0.1.3',
527 silly resolved        'uid-number': '0',
527 silly resolved        archy: '0',
527 silly resolved        chownr: '0',
527 silly resolved        npmlog: '0',
527 silly resolved        ansi: '~0.1.2',
527 silly resolved        'npm-registry-client': '~0.2.10',
527 silly resolved        'read-package-json': '~0.1.8',
527 silly resolved        'read-installed': '0',
527 silly resolved        glob: '~3.1.14',
527 silly resolved        'init-package-json': '0.0.6',
527 silly resolved        osenv: '0',
527 silly resolved        lockfile: '~0.2.2',
527 silly resolved        retry: '~0.6.0',
527 silly resolved        once: '~1.1.1',
527 silly resolved        npmconf: '0',
527 silly resolved        opener: '~1.3.0' },
527 silly resolved     bundleDependencies:
527 silly resolved      [ 'semver',
527 silly resolved        'ini',
527 silly resolved        'slide',
527 silly resolved        'abbrev',
527 silly resolved        'graceful-fs',
527 silly resolved        'minimatch',
527 silly resolved        'nopt',
527 silly resolved        'rimraf',
527 silly resolved        'request',
527 silly resolved        'which',
527 silly resolved        'tar',
527 silly resolved        'fstream',
527 silly resolved        'block-stream',
527 silly resolved        'inherits',
527 silly resolved        'mkdirp',
527 silly resolved        'read',
527 silly resolved        'lru-cache',
527 silly resolved        'node-gyp',
527 silly resolved        'fstream-npm',
527 silly resolved        'uid-number',
527 silly resolved        'archy',
527 silly resolved        'chownr',
527 silly resolved        'npmlog',
527 silly resolved        'ansi',
527 silly resolved        'npm-registry-client',
527 silly resolved        'read-package-json',
527 silly resolved        'read-installed',
527 silly resolved        'glob',
527 silly resolved        'init-package-json',
527 silly resolved        'osenv',
527 silly resolved        'lockfile',
527 silly resolved        'retry',
527 silly resolved        'once',
527 silly resolved        'npmconf',
527 silly resolved        'opener' ],
527 silly resolved     devDependencies: { ronn: '~0.3.6', tap: '~0.4.0' },
527 silly resolved     engines: { node: '>=0.6', npm: '1' },
527 silly resolved     scripts:
527 silly resolved      { test: 'node ./test/run.js && tap test/tap/*.js',
527 silly resolved        tap: 'tap test/tap/*.js',
527 silly resolved        prepublish: 'node bin/npm-cli.js prune ; rm -rf test/*/*/node_modules ; make -j4 doc',
527 silly resolved        dumpconf: 'env | grep npm | sort | uniq',
527 silly resolved        echo: 'node bin/npm-cli.js' },
527 silly resolved     licenses: [ [Object] ],
527 silly resolved     contributors:
527 silly resolved      [ [Object],
527 silly resolved        [Object],
527 silly resolved        [Object],
527 silly resolved        [Object],
527 silly resolved        [Object],
527 silly resolved        [Object],
527 silly resolved        [Object],
527 silly resolved        [Object],
527 silly resolved        [Object],
527 silly resolved        [Object],
527 silly resolved        [Object],
527 silly resolved        [Object],
527 silly resolved        [Object],
527 silly resolved        [Object],
527 silly resolved        [Object],
527 silly resolved        [Object],
527 silly resolved        [Object],
527 silly resolved        [Object],
527 silly resolved        [Object],
527 silly resolved        [Object],
527 silly resolved        [Object],
527 silly resolved        [Object],
527 silly resolved        [Object],
527 silly resolved        [Object],
527 silly resolved        [Object],
527 silly resolved        [Object],
527 silly resolved        [Object],
527 silly resolved        [Object],
527 silly resolved        [Object],
527 silly resolved        [Object],
527 silly resolved        [Object],
527 silly resolved        [Object],
527 silly resolved        [Object],
527 silly resolved        [Object],
527 silly resolved        [Object],
527 silly resolved        [Object],
527 silly resolved        [Object],
527 silly resolved        [Object],
527 silly resolved        [Object],
527 silly resolved        [Object],
527 silly resolved        [Object],
527 silly resolved        [Object],
527 silly resolved        [Object],
527 silly resolved        [Object],
527 silly resolved        [Object],
527 silly resolved        [Object],
527 silly resolved        [Object],
527 silly resolved        [Object],
527 silly resolved        [Object],
527 silly resolved        [Object],
527 silly resolved        [Object],
527 silly resolved        [Object],
527 silly resolved        [Object],
527 silly resolved        [Object],
527 silly resolved        [Object],
527 silly resolved        [Object],
527 silly resolved        [Object],
527 silly resolved        [Object],
527 silly resolved        [Object],
527 silly resolved        [Object],
527 silly resolved        [Object],
527 silly resolved        [Object],
527 silly resolved        [Object],
527 silly resolved        [Object],
527 silly resolved        [Object],
527 silly resolved        [Object],
527 silly resolved        [Object],
527 silly resolved        [Object],
527 silly resolved        [Object],
527 silly resolved        [Object],
527 silly resolved        [Object],
527 silly resolved        [Object],
527 silly resolved        [Object],
527 silly resolved        [Object],
527 silly resolved        [Object],
527 silly resolved        [Object],
527 silly resolved        [Object],
527 silly resolved        [Object],
527 silly resolved        [Object],
527 silly resolved        [Object],
527 silly resolved        [Object],
527 silly resolved        [Object],
527 silly resolved        [Object],
527 silly resolved        [Object],
527 silly resolved        [Object],
527 silly resolved        [Object],
527 silly resolved        [Object],
527 silly resolved        [Object],
527 silly resolved        [Object],
527 silly resolved        [Object],
527 silly resolved        [Object] ],
527 silly resolved     readme: 'npm(1) -- node package manager\n==============================\n\n## SYNOPSIS\n\nThis is just enough info to get you up and running.\n\nMuch more info available via `npm help` once it\'s installed.\n\n## IMPORTANT\n\n**You need node v0.6 or higher to run this program.**\n\nTo install an old **and unsupported** version of npm that works on node 0.3\nand prior, clone the git repo and dig through the old tags and branches.\n\n## Super Easy Install\n\nnpm comes with node now.\n\n### Windows Computers\n\nGet the MSI.  npm is in it.\n\n### Apple Macintosh Computers\n\nGet the pkg.  npm is in it.\n\n### Other Sorts of Unices\n\nRun `make install`.  npm will be installed with node.\n\nIf you want a more fancy pants install (a different version, customized\npaths, etc.) then read on.\n\n## Fancy Install (Unix)\n\nThere\'s a pretty robust install script at\n<https://npmjs.org/install.sh>.  You can download that and run it.\n\n### Slightly Fancier\n\nYou can set any npm configuration params with that script:\n\nnpm_config_prefix=/some/path sh install.sh\n\nOr, you can run it in uber-debuggery mode:\n\nnpm_debug=1 sh install.sh\n\n### Even Fancier\n\nGet the code with git.  Use `make` to build the docs and do other stuff.\nIf you plan on hacking on npm, `make link` is your friend.\n\nIf you\'ve got the npm source code, you can also semi-permanently set\narbitrary config keys using the `./configure --key=val ...`, and then\nrun npm commands by doing `node cli.js <cmd> <args>`.  (This is helpful\nfor testing, or running stuff without actually installing npm itself.)\n\n## Fancy Windows Install\n\nYou can download a zip file from <https://npmjs.org/dist/>, and unpack it\nin the same folder where node.exe lives.\n\nIf that\'s not fancy enough for you, then you can fetch the code with\ngit, and mess with it directly.\n\n## Installing on Cygwin\n\nNo.\n\n## Permissions when Using npm to Install Other Stuff\n\n**tl;dr**\n\n* Use `sudo` for greater safety.  Or don\'t, if you prefer not to.\n* npm will downgrade permissions if it\'s root before running any build\n  scripts that package authors specified.\n\n### More details...\n\nAs of version 0.3, it is recommended to run npm as root.\nThis allows npm to change the user identifier to the `nobody` user prior\nto running any package build or test commands.\n\nIf you are not the root user, or if you are on a platform that does not\nsupport uid switching, then npm will not attempt to change the userid.\n\nIf you would like to ensure that npm **always** runs scripts as the\n"nobody" user, and have it fail if it cannot downgrade permissions, then\nset the following configuration param:\n\n    npm config set unsafe-perm false\n\nThis will prevent running in unsafe mode, even as non-root users.\n\n## Uninstalling\n\nSo sad to see you go.\n\n    sudo npm uninstall npm -g\n\nOr, if that fails,\n\n    sudo make uninstall\n\n## More Severe Uninstalling\n\nUsually, the above instructions are sufficient.  That will remove\nnpm, but leave behind anything you\'ve installed.\n\nIf you would like to remove all the packages that you have installed,\nthen you can use the `npm ls` command to find them, and then `npm rm` to\nremove them.\n\nTo remove cruft left behind by npm 0.x, you can use the included\n`clean-old.sh` script file.  You can run it conveniently like this:\n\n    npm explore npm -g -- sh scripts/clean-old.sh\n\nnpm uses two configuration files, one for per-user configs, and another\nfor global (every-user) configs.  You can view them by doing:\n\n    npm config get userconfig   # defaults to ~/.npmrc\n    npm config get globalconfig # defaults to /usr/local/etc/npmrc\n\nUninstalling npm does not remove configuration files by default.  You\nmust remove them yourself manually if you want them gone.  Note that\nthis means that future npm installs will not remember the settings that\nyou have chosen.\n\n## Using npm Programmatically\n\nIf you would like to use npm programmatically, you can do that.\nIt\'s not very well documented, but it *is* rather simple.\n\nMost of the time, unless you actually want to do all the things that\nnpm does, you should try using one of npm\'s dependencies rather than\nusing npm itself, if possible.\n\nEventually, npm will be just a thin cli wrapper around the modules\nthat it depends on, but for now, there are some things that you must\nuse npm itself to do.\n\n    var npm = require("npm")\n    npm.load(myConfigObject, function (er) {\n      if (er) return handlError(er)\n      npm.commands.install(["some", "args"], function (er, data) {\n        if (er) return commandFailed(er)\n        // command succeeded, and data might have some info\n      })\n      npm.on("log", function (message) { .... })\n    })\n\nThe `load` function takes an object hash of the command-line configs.\nThe various `npm.commands.<cmd>` functions take an **array** of\npositional argument **strings**.  The last argument to any\n`npm.commands.<cmd>` function is a callback.  Some commands take other\noptional arguments.  Read the source.\n\nYou cannot set configs individually for any single npm function at this\ntime.  Since `npm` is a singleton, any call to `npm.config.set` will\nchange the value for *all* npm commands in that process.\n\nSee `./bin/npm-cli.js` for an example of pulling config values off of the\ncommand line arguments using nopt.  You may also want to check out `npm\nhelp config` to learn about all the options you can set there.\n\n## More Docs\n\nCheck out the [docs](https://npmjs.org/doc/),\nespecially the [faq](https://npmjs.org/doc/faq.html).\n\nYou can use the `npm help` command to read any of them.\n\nIf you\'re a developer, and you want to use npm to publish your program,\nyou should [read this](https://npmjs.org/doc/developers.html)\n\n## Legal Stuff\n\n"npm" and "the npm registry" are owned by Isaac Z. Schlueter.  All\nrights not explicitly granted in the MIT license are reserved. See the\nincluded LICENSE file for more details.\n\n"Node.js" and "node" are trademarks owned by Joyent, Inc.  npm is not\nofficially part of the Node.js project, and is neither owned by nor\nofficially affiliated with Joyent, Inc.\n\nThe packages in the npm registry are not part of npm itself, and are the\nsole property of their respective maintainers.  While every effort is\nmade to ensure accountability, there is absolutely no guarantee,\nwarrantee, or assertion made as to the quality, fitness for a specific\npurpose, or lack of malice in any given npm package.  Modules\npublished on the npm registry are not affiliated with or endorsed by\nJoyent, Inc., Isaac Z. Schlueter, Ryan Dahl, or the Node.js project.\n\nIf you have a complaint about a package in the npm registry, and cannot\nresolve it with the package owner, please express your concerns to\nIsaac Z. Schlueter at <i@izs.me>.\n\n### In plain english\n\nThis is mine; not my employer\'s, not Node\'s, not Joyent\'s, not Ryan\nDahl\'s.\n\nIf you publish something, it\'s yours, and you are solely accountable\nfor it.  Not me, not Node, not Joyent, not Ryan Dahl.\n\nIf other people publish something, it\'s theirs.  Not mine, not Node\'s,\nnot Joyent\'s, not Ryan Dahl\'s.\n\nYes, you can publish something evil.  It will be removed promptly if\nreported, and we\'ll lose respect for you.  But there is no vetting\nprocess for published modules.\n\nIf this concerns you, inspect the source before using packages.\n\n## BUGS\n\nWhen you find issues, please report them:\n\n* web:\n  <https://github.com/isaacs/npm/issues>\n* email:\n  <npm-@googlegroups.com>\n\nBe sure to include *all* of the output from the npm command that didn\'t work\nas expected.  The `npm-debug.log` file is also helpful to provide.\n\nYou can also look for isaacs in #node.js on irc://irc.freenode.net.  He\nwill no doubt tell you to put the output in a gist or email.\n\n## SEE ALSO\n\n* npm(1)\n* npm-faq(1)\n* npm-help(1)\n* npm-index(1)\n',
527 silly resolved     readmeFilename: 'README.md',
527 silly resolved     man:
527 silly resolved      [ '/Users/***REMOVED***/.npm/npm/1.2.4/package/man/man1/README.1',
527 silly resolved        '/Users/***REMOVED***/.npm/npm/1.2.4/package/man/man1/adduser.1',
527 silly resolved        '/Users/***REMOVED***/.npm/npm/1.2.4/package/man/man1/author.1',
527 silly resolved        '/Users/***REMOVED***/.npm/npm/1.2.4/package/man/man1/bin.1',
527 silly resolved        '/Users/***REMOVED***/.npm/npm/1.2.4/package/man/man1/bugs.1',
527 silly resolved        '/Users/***REMOVED***/.npm/npm/1.2.4/package/man/man1/build.1',
527 silly resolved        '/Users/***REMOVED***/.npm/npm/1.2.4/package/man/man1/bundle.1',
527 silly resolved        '/Users/***REMOVED***/.npm/npm/1.2.4/package/man/man1/cache.1',
527 silly resolved        '/Users/***REMOVED***/.npm/npm/1.2.4/package/man/man1/changelog.1',
527 silly resolved        '/Users/***REMOVED***/.npm/npm/1.2.4/package/man/man1/coding-style.1',
527 silly resolved        '/Users/***REMOVED***/.npm/npm/1.2.4/package/man/man1/completion.1',
527 silly resolved        '/Users/***REMOVED***/.npm/npm/1.2.4/package/man/man1/config.1',
527 silly resolved        '/Users/***REMOVED***/.npm/npm/1.2.4/package/man/man1/dedupe.1',
527 silly resolved        '/Users/***REMOVED***/.npm/npm/1.2.4/package/man/man1/deprecate.1',
527 silly resolved        '/Users/***REMOVED***/.npm/npm/1.2.4/package/man/man1/developers.1',
527 silly resolved        '/Users/***REMOVED***/.npm/npm/1.2.4/package/man/man1/disputes.1',
527 silly resolved        '/Users/***REMOVED***/.npm/npm/1.2.4/package/man/man1/docs.1',
527 silly resolved        '/Users/***REMOVED***/.npm/npm/1.2.4/package/man/man1/edit.1',
527 silly resolved        '/Users/***REMOVED***/.npm/npm/1.2.4/package/man/man1/explore.1',
527 silly resolved        '/Users/***REMOVED***/.npm/npm/1.2.4/package/man/man1/faq.1',
527 silly resolved        '/Users/***REMOVED***/.npm/npm/1.2.4/package/man/man1/find.1',
527 silly resolved        '/Users/***REMOVED***/.npm/npm/1.2.4/package/man/man1/folders.1',
527 silly resolved        '/Users/***REMOVED***/.npm/npm/1.2.4/package/man/man1/get.1',
527 silly resolved        '/Users/***REMOVED***/.npm/npm/1.2.4/package/man/man1/global.1',
527 silly resolved        '/Users/***REMOVED***/.npm/npm/1.2.4/package/man/man1/help-search.1',
527 silly resolved        '/Users/***REMOVED***/.npm/npm/1.2.4/package/man/man1/help.1',
527 silly resolved        '/Users/***REMOVED***/.npm/npm/1.2.4/package/man/man1/home.1',
527 silly resolved        '/Users/***REMOVED***/.npm/npm/1.2.4/package/man/man1/index.1',
527 silly resolved        '/Users/***REMOVED***/.npm/npm/1.2.4/package/man/man1/init.1',
527 silly resolved        '/Users/***REMOVED***/.npm/npm/1.2.4/package/man/man1/install.1',
527 silly resolved        '/Users/***REMOVED***/.npm/npm/1.2.4/package/man/man1/json.1',
527 silly resolved        '/Users/***REMOVED***/.npm/npm/1.2.4/package/man/man1/link.1',
527 silly resolved        '/Users/***REMOVED***/.npm/npm/1.2.4/package/man/man1/list.1',
527 silly resolved        '/Users/***REMOVED***/.npm/npm/1.2.4/package/man/man1/ln.1',
527 silly resolved        '/Users/***REMOVED***/.npm/npm/1.2.4/package/man/man1/ls.1',
527 silly resolved        '/Users/***REMOVED***/.npm/npm/1.2.4/package/man/man1/npm.1',
527 silly resolved        '/Users/***REMOVED***/.npm/npm/1.2.4/package/man/man1/outdated.1',
527 silly resolved        '/Users/***REMOVED***/.npm/npm/1.2.4/package/man/man1/owner.1',
527 silly resolved        '/Users/***REMOVED***/.npm/npm/1.2.4/package/man/man1/pack.1',
527 silly resolved        '/Users/***REMOVED***/.npm/npm/1.2.4/package/man/man1/prefix.1',
527 silly resolved        '/Users/***REMOVED***/.npm/npm/1.2.4/package/man/man1/prune.1',
527 silly resolved        '/Users/***REMOVED***/.npm/npm/1.2.4/package/man/man1/publish.1',
527 silly resolved        '/Users/***REMOVED***/.npm/npm/1.2.4/package/man/man1/rebuild.1',
527 silly resolved        '/Users/***REMOVED***/.npm/npm/1.2.4/package/man/man1/registry.1',
527 silly resolved        '/Users/***REMOVED***/.npm/npm/1.2.4/package/man/man1/removing-npm.1',
527 silly resolved        '/Users/***REMOVED***/.npm/npm/1.2.4/package/man/man1/restart.1',
527 silly resolved        '/Users/***REMOVED***/.npm/npm/1.2.4/package/man/man1/rm.1',
527 silly resolved        '/Users/***REMOVED***/.npm/npm/1.2.4/package/man/man1/root.1',
527 silly resolved        '/Users/***REMOVED***/.npm/npm/1.2.4/package/man/man1/run-script.1',
527 silly resolved        '/Users/***REMOVED***/.npm/npm/1.2.4/package/man/man1/scripts.1',
527 silly resolved        '/Users/***REMOVED***/.npm/npm/1.2.4/package/man/man1/search.1',
527 silly resolved        '/Users/***REMOVED***/.npm/npm/1.2.4/package/man/man1/semver.1',
527 silly resolved        '/Users/***REMOVED***/.npm/npm/1.2.4/package/man/man1/set.1',
527 silly resolved        '/Users/***REMOVED***/.npm/npm/1.2.4/package/man/man1/shrinkwrap.1',
527 silly resolved        '/Users/***REMOVED***/.npm/npm/1.2.4/package/man/man1/star.1',
527 silly resolved        '/Users/***REMOVED***/.npm/npm/1.2.4/package/man/man1/start.1',
527 silly resolved        '/Users/***REMOVED***/.npm/npm/1.2.4/package/man/man1/stop.1',
527 silly resolved        '/Users/***REMOVED***/.npm/npm/1.2.4/package/man/man1/submodule.1',
527 silly resolved        '/Users/***REMOVED***/.npm/npm/1.2.4/package/man/man1/tag.1',
527 silly resolved        '/Users/***REMOVED***/.npm/npm/1.2.4/package/man/man1/test.1',
527 silly resolved        '/Users/***REMOVED***/.npm/npm/1.2.4/package/man/man1/uninstall.1',
527 silly resolved        '/Users/***REMOVED***/.npm/npm/1.2.4/package/man/man1/unpublish.1',
527 silly resolved        '/Users/***REMOVED***/.npm/npm/1.2.4/package/man/man1/update.1',
527 silly resolved        '/Users/***REMOVED***/.npm/npm/1.2.4/package/man/man1/version.1',
527 silly resolved        '/Users/***REMOVED***/.npm/npm/1.2.4/package/man/man1/view.1',
527 silly resolved        '/Users/***REMOVED***/.npm/npm/1.2.4/package/man/man1/whoami.1',
527 silly resolved        '/Users/***REMOVED***/.npm/npm/1.2.4/package/man/man3/author.3',
527 silly resolved        '/Users/***REMOVED***/.npm/npm/1.2.4/package/man/man3/bin.3',
527 silly resolved        '/Users/***REMOVED***/.npm/npm/1.2.4/package/man/man3/bugs.3',
527 silly resolved        '/Users/***REMOVED***/.npm/npm/1.2.4/package/man/man3/commands.3',
527 silly resolved        '/Users/***REMOVED***/.npm/npm/1.2.4/package/man/man3/config.3',
527 silly resolved        '/Users/***REMOVED***/.npm/npm/1.2.4/package/man/man3/deprecate.3',
527 silly resolved        '/Users/***REMOVED***/.npm/npm/1.2.4/package/man/man3/docs.3',
527 silly resolved        '/Users/***REMOVED***/.npm/npm/1.2.4/package/man/man3/edit.3',
527 silly resolved        '/Users/***REMOVED***/.npm/npm/1.2.4/package/man/man3/explore.3',
527 silly resolved        '/Users/***REMOVED***/.npm/npm/1.2.4/package/man/man3/find.3',
527 silly resolved        '/Users/***REMOVED***/.npm/npm/1.2.4/package/man/man3/get.3',
527 silly resolved        '/Users/***REMOVED***/.npm/npm/1.2.4/package/man/man3/help-search.3',
527 silly resolved        '/Users/***REMOVED***/.npm/npm/1.2.4/package/man/man3/home.3',
527 silly resolved        '/Users/***REMOVED***/.npm/npm/1.2.4/package/man/man3/init.3',
527 silly resolved        '/Users/***REMOVED***/.npm/npm/1.2.4/package/man/man3/install.3',
527 silly resolved        '/Users/***REMOVED***/.npm/npm/1.2.4/package/man/man3/link.3',
527 silly resolved        '/Users/***REMOVED***/.npm/npm/1.2.4/package/man/man3/list.3',
527 silly resolved        '/Users/***REMOVED***/.npm/npm/1.2.4/package/man/man3/ln.3',
527 silly resolved        '/Users/***REMOVED***/.npm/npm/1.2.4/package/man/man3/load.3',
527 silly resolved        '/Users/***REMOVED***/.npm/npm/1.2.4/package/man/man3/ls.3',
527 silly resolved        '/Users/***REMOVED***/.npm/npm/1.2.4/package/man/man3/npm.3',
527 silly resolved        '/Users/***REMOVED***/.npm/npm/1.2.4/package/man/man3/outdated.3',
527 silly resolved        '/Users/***REMOVED***/.npm/npm/1.2.4/package/man/man3/owner.3',
527 silly resolved        '/Users/***REMOVED***/.npm/npm/1.2.4/package/man/man3/pack.3',
527 silly resolved        '/Users/***REMOVED***/.npm/npm/1.2.4/package/man/man3/prefix.3',
527 silly resolved        '/Users/***REMOVED***/.npm/npm/1.2.4/package/man/man3/prune.3',
527 silly resolved        '/Users/***REMOVED***/.npm/npm/1.2.4/package/man/man3/publish.3',
527 silly resolved        '/Users/***REMOVED***/.npm/npm/1.2.4/package/man/man3/rebuild.3',
527 silly resolved        '/Users/***REMOVED***/.npm/npm/1.2.4/package/man/man3/restart.3',
527 silly resolved        '/Users/***REMOVED***/.npm/npm/1.2.4/package/man/man3/rm.3',
527 silly resolved        '/Users/***REMOVED***/.npm/npm/1.2.4/package/man/man3/root.3',
527 silly resolved        '/Users/***REMOVED***/.npm/npm/1.2.4/package/man/man3/run-script.3',
527 silly resolved        '/Users/***REMOVED***/.npm/npm/1.2.4/package/man/man3/search.3',
527 silly resolved        '/Users/***REMOVED***/.npm/npm/1.2.4/package/man/man3/set.3',
527 silly resolved        '/Users/***REMOVED***/.npm/npm/1.2.4/package/man/man3/shrinkwrap.3',
527 silly resolved        '/Users/***REMOVED***/.npm/npm/1.2.4/package/man/man3/start.3',
527 silly resolved        '/Users/***REMOVED***/.npm/npm/1.2.4/package/man/man3/stop.3',
527 silly resolved        '/Users/***REMOVED***/.npm/npm/1.2.4/package/man/man3/submodule.3',
527 silly resolved        '/Users/***REMOVED***/.npm/npm/1.2.4/package/man/man3/tag.3',
527 silly resolved        '/Users/***REMOVED***/.npm/npm/1.2.4/package/man/man3/test.3',
527 silly resolved        '/Users/***REMOVED***/.npm/npm/1.2.4/package/man/man3/uninstall.3',
527 silly resolved        '/Users/***REMOVED***/.npm/npm/1.2.4/package/man/man3/unpublish.3',
527 silly resolved        '/Users/***REMOVED***/.npm/npm/1.2.4/package/man/man3/update.3',
527 silly resolved        '/Users/***REMOVED***/.npm/npm/1.2.4/package/man/man3/version.3',
527 silly resolved        '/Users/***REMOVED***/.npm/npm/1.2.4/package/man/man3/view.3',
527 silly resolved        '/Users/***REMOVED***/.npm/npm/1.2.4/package/man/man3/whoami.3' ],
527 silly resolved     _id: 'npm@1.2.4',
527 silly resolved     _from: 'npm@1.2.4' } ]
528 info install npm@1.2.4 into /usr/local/lib
529 info installOne npm@1.2.4
530 http 200 https://registry.npmjs.org/bower/0.7.0
531 silly registry.get cb [ 200,
531 silly registry.get   { vary: 'Accept',
531 silly registry.get     server: 'CouchDB/1.2.1 (Erlang OTP/R15B)',
531 silly registry.get     etag: '"4ZU4J3HDEXUZRY8XT6M158T1B"',
531 silly registry.get     date: 'Mon, 04 Feb 2013 02:18:29 GMT',
531 silly registry.get     'content-type': 'application/json',
531 silly registry.get     'content-length': '15071' } ]
532 verbose from cache /Users/***REMOVED***/.npm/npm/1.2.4/package/package.json
533 info /usr/local/lib/node_modules/npm unbuild
534 verbose from cache /usr/local/lib/node_modules/npm/package.json
535 info preuninstall npm@1.1.65
536 info uninstall npm@1.1.65
537 verbose true,/usr/local/lib/node_modules,/usr/local/lib/node_modules unbuild npm@1.1.65
538 verbose /usr/local/bin,[object Object] binRoot
539 silly lockFile daee6e10--npmjs-org-bower-bower-0-7-0-tgz https://registry.npmjs.org/bower/-/bower-0.7.0.tgz
540 verbose lock https://registry.npmjs.org/bower/-/bower-0.7.0.tgz /Users/***REMOVED***/.npm/daee6e10--npmjs-org-bower-bower-0-7-0-tgz.lock
541 verbose addRemoteTarball [ 'https://registry.npmjs.org/bower/-/bower-0.7.0.tgz',
541 verbose addRemoteTarball   '9acd8601a414c681248cb0a8a233276d9e8bb20a' ]
542 info retry fetch attempt 1 at 21:20:16
543 verbose fetch to= /var/folders/8g/95xqshv50vq0jlcm6tdb0mp40000gn/T/npm-80177/1359944416341-0.6548512317240238/tmp.tgz
544 info /usr/local/lib/node_modules/npm unbuild
545 verbose read json /usr/local/lib/node_modules/npm/package.json
546 http GET https://registry.npmjs.org/bower/-/bower-0.7.0.tgz
547 info preuninstall npm@1.1.65
548 info uninstall npm@1.1.65
549 verbose true,/usr/local/lib/node_modules,/usr/local/lib/node_modules unbuild npm@1.1.65
550 verbose /usr/local/bin,[object Object] binRoot
551 error error rolling back Error: EPERM, chmod '/usr/local/bin/npm'
551 error error rolling back  npm@1.2.4 { [Error: EPERM, chmod '/usr/local/bin/npm'] errno: 50, code: 'EPERM', path: '/usr/local/bin/npm' }
552 error Error: EPERM, chmod '/usr/local/bin/npm'
552 error  { [Error: EPERM, chmod '/usr/local/bin/npm'] errno: 50, code: 'EPERM', path: '/usr/local/bin/npm' }
553 error Please try running this command again as root/Administrator.
554 error System Darwin 12.2.0
555 error command "node" "/usr/local/bin/npm" "update" "-g"
556 error cwd /Users/***REMOVED***/dev/okcupid
557 error node -v v0.8.14
558 error npm -v 1.1.65
559 error path /usr/local/bin/npm
560 error code EPERM
561 error errno 50
562 error stack Error: EPERM, chmod '/usr/local/bin/npm'
563 verbose exit [ 50, true ]
